test0.jpg: Unqualified, [2, 3]
test01.jpg: Unqualified, [1, 2, 3]
test02.jpg: Unqualified, [3]
test03.jpg: Unqualified, [1, 2, 3]
test04.jpg: Unqualified, [1, 2, 3]
test05.jpg: Unqualified, [3]
test06.jpg: Unqualified, [1, 2, 3]
test07.jpg: Unqualified, [1, 2, 3]
test08.jpg: Unqualified, [1, 2, 3]
test09.jpg: Unqualified, [1, 2, 3]
test10.jpg: Unqualified, [1, 2, 3]
test11.jpg: Unqualified, [1, 2, 3]
test12.jpg: Unqualified, [1, 2, 3]
test13.jpg: Unqualified, [1, 2, 3]
test14.jpg: Unqualified, [1, 2, 3]
test15.jpg: Unqualified, [2, 3]
test16.jpg: Unqualified, [2, 3]
test17.jpg: Unqualified, [1, 2, 3]
test18.jpg: Unqualified, [1, 2, 3]
test19.jpg: Unqualified, [2, 3]
test20.jpg: Unqualified, [2, 3]
test21.jpg: Unqualified, [1, 2, 3]
test22.jpg: Unqualified, [1, 2, 3]
test23.jpg: Unqualified, [1, 2, 3]
test24.jpg: Unqualified, [1, 2, 3]
test25.jpg: Unqualified, [1, 2, 3]
test26.jpg: Unqualified, [2, 3]
test27.jpg: Unqualified, [1, 2, 3]
test28.jpg: Unqualified, [1, 2, 3]
test29.jpg: Unqualified, [1, 2, 3]
test30.jpg: Unqualified, [1, 2, 3]
test31.jpg: Unqualified, [1, 2, 3]
test32.jpg: Unqualified, [1, 2, 3]
test33.jpg: Unqualified, [1, 2, 3]
test34.jpg: Unqualified, [1, 2, 3]
test35.jpg: Unqualified, [1, 3]
test36.jpg: Unqualified, [1, 2, 3]
test37.jpg: Unqualified, [2, 3]
test38.jpg: Unqualified, [2, 3]
test39.jpg: Unqualified, [1, 2, 3]
unq14.jpg: Unqualified, [1, 2, 3]
unq48.jpg: Unqualified, [1, 2, 3]
unq9.jpg: Unqualified, [1, 2, 3]
